<?xml version="1.0" encoding="UTF-8"?>
<testsuite xmlns:xsi="http://www.w3.org/2001/XMLSchema-instance" xsi:noNamespaceSchemaLocation="https://maven.apache.org/surefire/maven-surefire-plugin/xsd/surefire-test-report-3.0.xsd" version="3.0" name="com.emw.demo.DemoApplicationTests" time="2.926" tests="1" errors="0" skipped="0" failures="0">
  <properties>
    <property name="java.specification.version" value="17"/>
    <property name="sun.jnu.encoding" value="UTF-8"/>
    <property name="java.class.path" value="/Users/malek/Downloads/demoMAVEN/target/test-classes:/Users/malek/Downloads/demoMAVEN/target/classes:/Users/malek/.m2/repository/org/springframework/boot/spring-boot-starter-security/3.2.0-SNAPSHOT/spring-boot-starter-security-3.2.0-SNAPSHOT.jar:/Users/malek/.m2/repository/org/springframework/boot/spring-boot-starter/3.2.0-SNAPSHOT/spring-boot-starter-3.2.0-SNAPSHOT.jar:/Users/malek/.m2/repository/org/springframework/boot/spring-boot/3.2.0-SNAPSHOT/spring-boot-3.2.0-SNAPSHOT.jar:/Users/malek/.m2/repository/org/springframework/boot/spring-boot-autoconfigure/3.2.0-SNAPSHOT/spring-boot-autoconfigure-3.2.0-SNAPSHOT.jar:/Users/malek/.m2/repository/org/springframework/boot/spring-boot-starter-logging/3.2.0-SNAPSHOT/spring-boot-starter-logging-3.2.0-SNAPSHOT.jar:/Users/malek/.m2/repository/ch/qos/logback/logback-classic/1.4.8/logback-classic-1.4.8.jar:/Users/malek/.m2/repository/ch/qos/logback/logback-core/1.4.8/logback-core-1.4.8.jar:/Users/malek/.m2/repository/org/apache/logging/log4j/log4j-to-slf4j/2.20.0/log4j-to-slf4j-2.20.0.jar:/Users/malek/.m2/repository/org/apache/logging/log4j/log4j-api/2.20.0/log4j-api-2.20.0.jar:/Users/malek/.m2/repository/org/slf4j/jul-to-slf4j/2.0.7/jul-to-slf4j-2.0.7.jar:/Users/malek/.m2/repository/jakarta/annotation/jakarta.annotation-api/2.1.1/jakarta.annotation-api-2.1.1.jar:/Users/malek/.m2/repository/org/yaml/snakeyaml/2.0/snakeyaml-2.0.jar:/Users/malek/.m2/repository/org/springframework/spring-aop/6.1.0-M3/spring-aop-6.1.0-M3.jar:/Users/malek/.m2/repository/org/springframework/security/spring-security-config/6.2.0-M1/spring-security-config-6.2.0-M1.jar:/Users/malek/.m2/repository/org/springframework/security/spring-security-web/6.2.0-M1/spring-security-web-6.2.0-M1.jar:/Users/malek/.m2/repository/org/springframework/boot/spring-boot-starter-thymeleaf/3.2.0-SNAPSHOT/spring-boot-starter-thymeleaf-3.2.0-SNAPSHOT.jar:/Users/malek/.m2/repository/org/thymeleaf/thymeleaf-spring6/3.1.1.RELEASE/thymeleaf-spring6-3.1.1.RELEASE.jar:/Users/malek/.m2/repository/org/thymeleaf/thymeleaf/3.1.1.RELEASE/thymeleaf-3.1.1.RELEASE.jar:/Users/malek/.m2/repository/org/attoparser/attoparser/2.0.6.RELEASE/attoparser-2.0.6.RELEASE.jar:/Users/malek/.m2/repository/org/unbescape/unbescape/1.1.6.RELEASE/unbescape-1.1.6.RELEASE.jar:/Users/malek/.m2/repository/org/springframework/boot/spring-boot-starter-web/3.2.0-SNAPSHOT/spring-boot-starter-web-3.2.0-SNAPSHOT.jar:/Users/malek/.m2/repository/org/springframework/boot/spring-boot-starter-json/3.2.0-SNAPSHOT/spring-boot-starter-json-3.2.0-SNAPSHOT.jar:/Users/malek/.m2/repository/com/fasterxml/jackson/core/jackson-databind/2.15.2/jackson-databind-2.15.2.jar:/Users/malek/.m2/repository/com/fasterxml/jackson/core/jackson-annotations/2.15.2/jackson-annotations-2.15.2.jar:/Users/malek/.m2/repository/com/fasterxml/jackson/core/jackson-core/2.15.2/jackson-core-2.15.2.jar:/Users/malek/.m2/repository/com/fasterxml/jackson/datatype/jackson-datatype-jdk8/2.15.2/jackson-datatype-jdk8-2.15.2.jar:/Users/malek/.m2/repository/com/fasterxml/jackson/datatype/jackson-datatype-jsr310/2.15.2/jackson-datatype-jsr310-2.15.2.jar:/Users/malek/.m2/repository/com/fasterxml/jackson/module/jackson-module-parameter-names/2.15.2/jackson-module-parameter-names-2.15.2.jar:/Users/malek/.m2/repository/org/springframework/boot/spring-boot-starter-tomcat/3.2.0-SNAPSHOT/spring-boot-starter-tomcat-3.2.0-SNAPSHOT.jar:/Users/malek/.m2/repository/org/apache/tomcat/embed/tomcat-embed-core/10.1.11/tomcat-embed-core-10.1.11.jar:/Users/malek/.m2/repository/org/apache/tomcat/embed/tomcat-embed-el/10.1.11/tomcat-embed-el-10.1.11.jar:/Users/malek/.m2/repository/org/apache/tomcat/embed/tomcat-embed-websocket/10.1.11/tomcat-embed-websocket-10.1.11.jar:/Users/malek/.m2/repository/org/springframework/spring-web/6.1.0-M3/spring-web-6.1.0-M3.jar:/Users/malek/.m2/repository/org/springframework/spring-webmvc/6.1.0-M3/spring-webmvc-6.1.0-M3.jar:/Users/malek/.m2/repository/org/thymeleaf/extras/thymeleaf-extras-springsecurity6/3.1.1.RELEASE/thymeleaf-extras-springsecurity6-3.1.1.RELEASE.jar:/Users/malek/.m2/repository/org/slf4j/slf4j-api/2.0.7/slf4j-api-2.0.7.jar:/Users/malek/.m2/repository/org/springframework/boot/spring-boot-starter-test/3.2.0-SNAPSHOT/spring-boot-starter-test-3.2.0-SNAPSHOT.jar:/Users/malek/.m2/repository/org/springframework/boot/spring-boot-test/3.2.0-SNAPSHOT/spring-boot-test-3.2.0-SNAPSHOT.jar:/Users/malek/.m2/repository/org/springframework/boot/spring-boot-test-autoconfigure/3.2.0-SNAPSHOT/spring-boot-test-autoconfigure-3.2.0-SNAPSHOT.jar:/Users/malek/.m2/repository/com/jayway/jsonpath/json-path/2.8.0/json-path-2.8.0.jar:/Users/malek/.m2/repository/jakarta/xml/bind/jakarta.xml.bind-api/4.0.0/jakarta.xml.bind-api-4.0.0.jar:/Users/malek/.m2/repository/jakarta/activation/jakarta.activation-api/2.1.2/jakarta.activation-api-2.1.2.jar:/Users/malek/.m2/repository/net/minidev/json-smart/2.5.0/json-smart-2.5.0.jar:/Users/malek/.m2/repository/net/minidev/accessors-smart/2.5.0/accessors-smart-2.5.0.jar:/Users/malek/.m2/repository/org/ow2/asm/asm/9.3/asm-9.3.jar:/Users/malek/.m2/repository/org/assertj/assertj-core/3.24.2/assertj-core-3.24.2.jar:/Users/malek/.m2/repository/net/bytebuddy/byte-buddy/1.14.5/byte-buddy-1.14.5.jar:/Users/malek/.m2/repository/org/hamcrest/hamcrest/2.2/hamcrest-2.2.jar:/Users/malek/.m2/repository/org/junit/jupiter/junit-jupiter/5.9.3/junit-jupiter-5.9.3.jar:/Users/malek/.m2/repository/org/junit/jupiter/junit-jupiter-api/5.9.3/junit-jupiter-api-5.9.3.jar:/Users/malek/.m2/repository/org/opentest4j/opentest4j/1.2.0/opentest4j-1.2.0.jar:/Users/malek/.m2/repository/org/junit/platform/junit-platform-commons/1.9.3/junit-platform-commons-1.9.3.jar:/Users/malek/.m2/repository/org/apiguardian/apiguardian-api/1.1.2/apiguardian-api-1.1.2.jar:/Users/malek/.m2/repository/org/junit/jupiter/junit-jupiter-params/5.9.3/junit-jupiter-params-5.9.3.jar:/Users/malek/.m2/repository/org/junit/jupiter/junit-jupiter-engine/5.9.3/junit-jupiter-engine-5.9.3.jar:/Users/malek/.m2/repository/org/junit/platform/junit-platform-engine/1.9.3/junit-platform-engine-1.9.3.jar:/Users/malek/.m2/repository/org/mockito/mockito-core/5.4.0/mockito-core-5.4.0.jar:/Users/malek/.m2/repository/net/bytebuddy/byte-buddy-agent/1.14.5/byte-buddy-agent-1.14.5.jar:/Users/malek/.m2/repository/org/objenesis/objenesis/3.3/objenesis-3.3.jar:/Users/malek/.m2/repository/org/mockito/mockito-junit-jupiter/5.4.0/mockito-junit-jupiter-5.4.0.jar:/Users/malek/.m2/repository/org/skyscreamer/jsonassert/1.5.1/jsonassert-1.5.1.jar:/Users/malek/.m2/repository/com/vaadin/external/google/android-json/0.0.20131108.vaadin1/android-json-0.0.20131108.vaadin1.jar:/Users/malek/.m2/repository/org/springframework/spring-core/6.1.0-M3/spring-core-6.1.0-M3.jar:/Users/malek/.m2/repository/org/springframework/spring-jcl/6.1.0-M3/spring-jcl-6.1.0-M3.jar:/Users/malek/.m2/repository/org/springframework/spring-test/6.1.0-M3/spring-test-6.1.0-M3.jar:/Users/malek/.m2/repository/org/xmlunit/xmlunit-core/2.9.1/xmlunit-core-2.9.1.jar:/Users/malek/.m2/repository/org/springframework/security/spring-security-core/6.1.2/spring-security-core-6.1.2.jar:/Users/malek/.m2/repository/org/springframework/security/spring-security-crypto/6.2.0-M1/spring-security-crypto-6.2.0-M1.jar:/Users/malek/.m2/repository/org/springframework/spring-beans/6.1.0-M3/spring-beans-6.1.0-M3.jar:/Users/malek/.m2/repository/org/springframework/spring-context/6.1.0-M3/spring-context-6.1.0-M3.jar:/Users/malek/.m2/repository/org/springframework/spring-expression/6.1.0-M3/spring-expression-6.1.0-M3.jar:/Users/malek/.m2/repository/org/springframework/security/spring-security-test/6.2.0-M1/spring-security-test-6.2.0-M1.jar:/Users/malek/.m2/repository/org/springframework/security/spring-security-saml2-service-provider/6.1.2/spring-security-saml2-service-provider-6.1.2.jar:/Users/malek/.m2/repository/org/opensaml/opensaml-core/4.0.1/opensaml-core-4.0.1.jar:/Users/malek/.m2/repository/commons-codec/commons-codec/1.16.0/commons-codec-1.16.0.jar:/Users/malek/.m2/repository/com/google/code/findbugs/jsr305/3.0.2/jsr305-3.0.2.jar:/Users/malek/.m2/repository/com/google/guava/guava/28.2-jre/guava-28.2-jre.jar:/Users/malek/.m2/repository/com/google/guava/failureaccess/1.0.1/failureaccess-1.0.1.jar:/Users/malek/.m2/repository/com/google/guava/listenablefuture/9999.0-empty-to-avoid-conflict-with-guava/listenablefuture-9999.0-empty-to-avoid-conflict-with-guava.jar:/Users/malek/.m2/repository/org/checkerframework/checker-qual/2.10.0/checker-qual-2.10.0.jar:/Users/malek/.m2/repository/com/google/errorprone/error_prone_annotations/2.3.4/error_prone_annotations-2.3.4.jar:/Users/malek/.m2/repository/com/google/j2objc/j2objc-annotations/1.3/j2objc-annotations-1.3.jar:/Users/malek/.m2/repository/io/dropwizard/metrics/metrics-core/4.2.19/metrics-core-4.2.19.jar:/Users/malek/.m2/repository/net/shibboleth/utilities/java-support/8.0.0/java-support-8.0.0.jar:/Users/malek/.m2/repository/org/opensaml/opensaml-saml-api/4.0.1/opensaml-saml-api-4.0.1.jar:/Users/malek/.m2/repository/org/opensaml/opensaml-messaging-api/4.0.1/opensaml-messaging-api-4.0.1.jar:/Users/malek/.m2/repository/org/opensaml/opensaml-profile-api/4.0.1/opensaml-profile-api-4.0.1.jar:/Users/malek/.m2/repository/org/opensaml/opensaml-security-api/4.0.1/opensaml-security-api-4.0.1.jar:/Users/malek/.m2/repository/org/cryptacular/cryptacular/1.2.4/cryptacular-1.2.4.jar:/Users/malek/.m2/repository/org/bouncycastle/bcprov-jdk15on/1.64/bcprov-jdk15on-1.64.jar:/Users/malek/.m2/repository/org/bouncycastle/bcpkix-jdk15on/1.64/bcpkix-jdk15on-1.64.jar:/Users/malek/.m2/repository/org/opensaml/opensaml-soap-api/4.0.1/opensaml-soap-api-4.0.1.jar:/Users/malek/.m2/repository/org/opensaml/opensaml-xmlsec-api/4.0.1/opensaml-xmlsec-api-4.0.1.jar:/Users/malek/.m2/repository/org/apache/santuario/xmlsec/2.1.4/xmlsec-2.1.4.jar:/Users/malek/.m2/repository/com/fasterxml/woodstox/woodstox-core/5.0.3/woodstox-core-5.0.3.jar:/Users/malek/.m2/repository/org/codehaus/woodstox/stax2-api/3.1.4/stax2-api-3.1.4.jar:/Users/malek/.m2/repository/org/glassfish/jaxb/jaxb-runtime/4.0.3/jaxb-runtime-4.0.3.jar:/Users/malek/.m2/repository/org/glassfish/jaxb/jaxb-core/4.0.3/jaxb-core-4.0.3.jar:/Users/malek/.m2/repository/org/eclipse/angus/angus-activation/2.0.1/angus-activation-2.0.1.jar:/Users/malek/.m2/repository/org/glassfish/jaxb/txw2/4.0.3/txw2-4.0.3.jar:/Users/malek/.m2/repository/com/sun/istack/istack-commons-runtime/4.1.2/istack-commons-runtime-4.1.2.jar:/Users/malek/.m2/repository/org/opensaml/opensaml-saml-impl/4.0.1/opensaml-saml-impl-4.0.1.jar:/Users/malek/.m2/repository/org/opensaml/opensaml-security-impl/4.0.1/opensaml-security-impl-4.0.1.jar:/Users/malek/.m2/repository/org/opensaml/opensaml-soap-impl/4.0.1/opensaml-soap-impl-4.0.1.jar:/Users/malek/.m2/repository/org/opensaml/opensaml-storage-api/4.0.1/opensaml-storage-api-4.0.1.jar:/Users/malek/.m2/repository/org/opensaml/opensaml-xmlsec-impl/4.0.1/opensaml-xmlsec-impl-4.0.1.jar:/Users/malek/.m2/repository/org/apache/velocity/velocity-engine-core/2.2/velocity-engine-core-2.2.jar:/Users/malek/.m2/repository/org/apache/commons/commons-lang3/3.12.0/commons-lang3-3.12.0.jar:/Users/malek/.m2/repository/org/apache/httpcomponents/httpclient/4.5.12/httpclient-4.5.12.jar:/Users/malek/.m2/repository/org/apache/httpcomponents/httpcore/4.4.16/httpcore-4.4.16.jar:/Users/malek/.m2/repository/io/micrometer/micrometer-core/1.10.5/micrometer-core-1.10.5.jar:/Users/malek/.m2/repository/org/hdrhistogram/HdrHistogram/2.1.12/HdrHistogram-2.1.12.jar:/Users/malek/.m2/repository/org/latencyutils/LatencyUtils/2.0.3/LatencyUtils-2.0.3.jar:/Users/malek/.m2/repository/io/micrometer/micrometer-commons/1.10.5/micrometer-commons-1.10.5.jar:/Users/malek/.m2/repository/io/micrometer/micrometer-observation/1.10.5/micrometer-observation-1.10.5.jar:"/>
    <property name="java.vm.vendor" value="Eclipse Adoptium"/>
    <property name="sun.arch.data.model" value="64"/>
    <property name="java.vendor.url" value="https://adoptium.net/"/>
    <property name="user.timezone" value="Europe/Paris"/>
    <property name="os.name" value="Mac OS X"/>
    <property name="java.vm.specification.version" value="17"/>
    <property name="sun.java.launcher" value="SUN_STANDARD"/>
    <property name="user.country" value="FR"/>
    <property name="sun.boot.library.path" value="/Library/Java/JavaVirtualMachines/temurin-17.jdk/Contents/Home/lib"/>
    <property name="sun.java.command" value="/Users/malek/Downloads/demoMAVEN/target/surefire/surefirebooter-20230722045635106_3.jar /Users/malek/Downloads/demoMAVEN/target/surefire 2023-07-22T04-56-35_072-jvmRun1 surefire-20230722045635106_1tmp surefire_0-20230722045635106_2tmp"/>
    <property name="http.nonProxyHosts" value="local|*.local|169.254/16|*.169.254/16"/>
    <property name="jdk.debug" value="release"/>
    <property name="surefire.test.class.path" value="/Users/malek/Downloads/demoMAVEN/target/test-classes:/Users/malek/Downloads/demoMAVEN/target/classes:/Users/malek/.m2/repository/org/springframework/boot/spring-boot-starter-security/3.2.0-SNAPSHOT/spring-boot-starter-security-3.2.0-SNAPSHOT.jar:/Users/malek/.m2/repository/org/springframework/boot/spring-boot-starter/3.2.0-SNAPSHOT/spring-boot-starter-3.2.0-SNAPSHOT.jar:/Users/malek/.m2/repository/org/springframework/boot/spring-boot/3.2.0-SNAPSHOT/spring-boot-3.2.0-SNAPSHOT.jar:/Users/malek/.m2/repository/org/springframework/boot/spring-boot-autoconfigure/3.2.0-SNAPSHOT/spring-boot-autoconfigure-3.2.0-SNAPSHOT.jar:/Users/malek/.m2/repository/org/springframework/boot/spring-boot-starter-logging/3.2.0-SNAPSHOT/spring-boot-starter-logging-3.2.0-SNAPSHOT.jar:/Users/malek/.m2/repository/ch/qos/logback/logback-classic/1.4.8/logback-classic-1.4.8.jar:/Users/malek/.m2/repository/ch/qos/logback/logback-core/1.4.8/logback-core-1.4.8.jar:/Users/malek/.m2/repository/org/apache/logging/log4j/log4j-to-slf4j/2.20.0/log4j-to-slf4j-2.20.0.jar:/Users/malek/.m2/repository/org/apache/logging/log4j/log4j-api/2.20.0/log4j-api-2.20.0.jar:/Users/malek/.m2/repository/org/slf4j/jul-to-slf4j/2.0.7/jul-to-slf4j-2.0.7.jar:/Users/malek/.m2/repository/jakarta/annotation/jakarta.annotation-api/2.1.1/jakarta.annotation-api-2.1.1.jar:/Users/malek/.m2/repository/org/yaml/snakeyaml/2.0/snakeyaml-2.0.jar:/Users/malek/.m2/repository/org/springframework/spring-aop/6.1.0-M3/spring-aop-6.1.0-M3.jar:/Users/malek/.m2/repository/org/springframework/security/spring-security-config/6.2.0-M1/spring-security-config-6.2.0-M1.jar:/Users/malek/.m2/repository/org/springframework/security/spring-security-web/6.2.0-M1/spring-security-web-6.2.0-M1.jar:/Users/malek/.m2/repository/org/springframework/boot/spring-boot-starter-thymeleaf/3.2.0-SNAPSHOT/spring-boot-starter-thymeleaf-3.2.0-SNAPSHOT.jar:/Users/malek/.m2/repository/org/thymeleaf/thymeleaf-spring6/3.1.1.RELEASE/thymeleaf-spring6-3.1.1.RELEASE.jar:/Users/malek/.m2/repository/org/thymeleaf/thymeleaf/3.1.1.RELEASE/thymeleaf-3.1.1.RELEASE.jar:/Users/malek/.m2/repository/org/attoparser/attoparser/2.0.6.RELEASE/attoparser-2.0.6.RELEASE.jar:/Users/malek/.m2/repository/org/unbescape/unbescape/1.1.6.RELEASE/unbescape-1.1.6.RELEASE.jar:/Users/malek/.m2/repository/org/springframework/boot/spring-boot-starter-web/3.2.0-SNAPSHOT/spring-boot-starter-web-3.2.0-SNAPSHOT.jar:/Users/malek/.m2/repository/org/springframework/boot/spring-boot-starter-json/3.2.0-SNAPSHOT/spring-boot-starter-json-3.2.0-SNAPSHOT.jar:/Users/malek/.m2/repository/com/fasterxml/jackson/core/jackson-databind/2.15.2/jackson-databind-2.15.2.jar:/Users/malek/.m2/repository/com/fasterxml/jackson/core/jackson-annotations/2.15.2/jackson-annotations-2.15.2.jar:/Users/malek/.m2/repository/com/fasterxml/jackson/core/jackson-core/2.15.2/jackson-core-2.15.2.jar:/Users/malek/.m2/repository/com/fasterxml/jackson/datatype/jackson-datatype-jdk8/2.15.2/jackson-datatype-jdk8-2.15.2.jar:/Users/malek/.m2/repository/com/fasterxml/jackson/datatype/jackson-datatype-jsr310/2.15.2/jackson-datatype-jsr310-2.15.2.jar:/Users/malek/.m2/repository/com/fasterxml/jackson/module/jackson-module-parameter-names/2.15.2/jackson-module-parameter-names-2.15.2.jar:/Users/malek/.m2/repository/org/springframework/boot/spring-boot-starter-tomcat/3.2.0-SNAPSHOT/spring-boot-starter-tomcat-3.2.0-SNAPSHOT.jar:/Users/malek/.m2/repository/org/apache/tomcat/embed/tomcat-embed-core/10.1.11/tomcat-embed-core-10.1.11.jar:/Users/malek/.m2/repository/org/apache/tomcat/embed/tomcat-embed-el/10.1.11/tomcat-embed-el-10.1.11.jar:/Users/malek/.m2/repository/org/apache/tomcat/embed/tomcat-embed-websocket/10.1.11/tomcat-embed-websocket-10.1.11.jar:/Users/malek/.m2/repository/org/springframework/spring-web/6.1.0-M3/spring-web-6.1.0-M3.jar:/Users/malek/.m2/repository/org/springframework/spring-webmvc/6.1.0-M3/spring-webmvc-6.1.0-M3.jar:/Users/malek/.m2/repository/org/thymeleaf/extras/thymeleaf-extras-springsecurity6/3.1.1.RELEASE/thymeleaf-extras-springsecurity6-3.1.1.RELEASE.jar:/Users/malek/.m2/repository/org/slf4j/slf4j-api/2.0.7/slf4j-api-2.0.7.jar:/Users/malek/.m2/repository/org/springframework/boot/spring-boot-starter-test/3.2.0-SNAPSHOT/spring-boot-starter-test-3.2.0-SNAPSHOT.jar:/Users/malek/.m2/repository/org/springframework/boot/spring-boot-test/3.2.0-SNAPSHOT/spring-boot-test-3.2.0-SNAPSHOT.jar:/Users/malek/.m2/repository/org/springframework/boot/spring-boot-test-autoconfigure/3.2.0-SNAPSHOT/spring-boot-test-autoconfigure-3.2.0-SNAPSHOT.jar:/Users/malek/.m2/repository/com/jayway/jsonpath/json-path/2.8.0/json-path-2.8.0.jar:/Users/malek/.m2/repository/jakarta/xml/bind/jakarta.xml.bind-api/4.0.0/jakarta.xml.bind-api-4.0.0.jar:/Users/malek/.m2/repository/jakarta/activation/jakarta.activation-api/2.1.2/jakarta.activation-api-2.1.2.jar:/Users/malek/.m2/repository/net/minidev/json-smart/2.5.0/json-smart-2.5.0.jar:/Users/malek/.m2/repository/net/minidev/accessors-smart/2.5.0/accessors-smart-2.5.0.jar:/Users/malek/.m2/repository/org/ow2/asm/asm/9.3/asm-9.3.jar:/Users/malek/.m2/repository/org/assertj/assertj-core/3.24.2/assertj-core-3.24.2.jar:/Users/malek/.m2/repository/net/bytebuddy/byte-buddy/1.14.5/byte-buddy-1.14.5.jar:/Users/malek/.m2/repository/org/hamcrest/hamcrest/2.2/hamcrest-2.2.jar:/Users/malek/.m2/repository/org/junit/jupiter/junit-jupiter/5.9.3/junit-jupiter-5.9.3.jar:/Users/malek/.m2/repository/org/junit/jupiter/junit-jupiter-api/5.9.3/junit-jupiter-api-5.9.3.jar:/Users/malek/.m2/repository/org/opentest4j/opentest4j/1.2.0/opentest4j-1.2.0.jar:/Users/malek/.m2/repository/org/junit/platform/junit-platform-commons/1.9.3/junit-platform-commons-1.9.3.jar:/Users/malek/.m2/repository/org/apiguardian/apiguardian-api/1.1.2/apiguardian-api-1.1.2.jar:/Users/malek/.m2/repository/org/junit/jupiter/junit-jupiter-params/5.9.3/junit-jupiter-params-5.9.3.jar:/Users/malek/.m2/repository/org/junit/jupiter/junit-jupiter-engine/5.9.3/junit-jupiter-engine-5.9.3.jar:/Users/malek/.m2/repository/org/junit/platform/junit-platform-engine/1.9.3/junit-platform-engine-1.9.3.jar:/Users/malek/.m2/repository/org/mockito/mockito-core/5.4.0/mockito-core-5.4.0.jar:/Users/malek/.m2/repository/net/bytebuddy/byte-buddy-agent/1.14.5/byte-buddy-agent-1.14.5.jar:/Users/malek/.m2/repository/org/objenesis/objenesis/3.3/objenesis-3.3.jar:/Users/malek/.m2/repository/org/mockito/mockito-junit-jupiter/5.4.0/mockito-junit-jupiter-5.4.0.jar:/Users/malek/.m2/repository/org/skyscreamer/jsonassert/1.5.1/jsonassert-1.5.1.jar:/Users/malek/.m2/repository/com/vaadin/external/google/android-json/0.0.20131108.vaadin1/android-json-0.0.20131108.vaadin1.jar:/Users/malek/.m2/repository/org/springframework/spring-core/6.1.0-M3/spring-core-6.1.0-M3.jar:/Users/malek/.m2/repository/org/springframework/spring-jcl/6.1.0-M3/spring-jcl-6.1.0-M3.jar:/Users/malek/.m2/repository/org/springframework/spring-test/6.1.0-M3/spring-test-6.1.0-M3.jar:/Users/malek/.m2/repository/org/xmlunit/xmlunit-core/2.9.1/xmlunit-core-2.9.1.jar:/Users/malek/.m2/repository/org/springframework/security/spring-security-core/6.1.2/spring-security-core-6.1.2.jar:/Users/malek/.m2/repository/org/springframework/security/spring-security-crypto/6.2.0-M1/spring-security-crypto-6.2.0-M1.jar:/Users/malek/.m2/repository/org/springframework/spring-beans/6.1.0-M3/spring-beans-6.1.0-M3.jar:/Users/malek/.m2/repository/org/springframework/spring-context/6.1.0-M3/spring-context-6.1.0-M3.jar:/Users/malek/.m2/repository/org/springframework/spring-expression/6.1.0-M3/spring-expression-6.1.0-M3.jar:/Users/malek/.m2/repository/org/springframework/security/spring-security-test/6.2.0-M1/spring-security-test-6.2.0-M1.jar:/Users/malek/.m2/repository/org/springframework/security/spring-security-saml2-service-provider/6.1.2/spring-security-saml2-service-provider-6.1.2.jar:/Users/malek/.m2/repository/org/opensaml/opensaml-core/4.0.1/opensaml-core-4.0.1.jar:/Users/malek/.m2/repository/commons-codec/commons-codec/1.16.0/commons-codec-1.16.0.jar:/Users/malek/.m2/repository/com/google/code/findbugs/jsr305/3.0.2/jsr305-3.0.2.jar:/Users/malek/.m2/repository/com/google/guava/guava/28.2-jre/guava-28.2-jre.jar:/Users/malek/.m2/repository/com/google/guava/failureaccess/1.0.1/failureaccess-1.0.1.jar:/Users/malek/.m2/repository/com/google/guava/listenablefuture/9999.0-empty-to-avoid-conflict-with-guava/listenablefuture-9999.0-empty-to-avoid-conflict-with-guava.jar:/Users/malek/.m2/repository/org/checkerframework/checker-qual/2.10.0/checker-qual-2.10.0.jar:/Users/malek/.m2/repository/com/google/errorprone/error_prone_annotations/2.3.4/error_prone_annotations-2.3.4.jar:/Users/malek/.m2/repository/com/google/j2objc/j2objc-annotations/1.3/j2objc-annotations-1.3.jar:/Users/malek/.m2/repository/io/dropwizard/metrics/metrics-core/4.2.19/metrics-core-4.2.19.jar:/Users/malek/.m2/repository/net/shibboleth/utilities/java-support/8.0.0/java-support-8.0.0.jar:/Users/malek/.m2/repository/org/opensaml/opensaml-saml-api/4.0.1/opensaml-saml-api-4.0.1.jar:/Users/malek/.m2/repository/org/opensaml/opensaml-messaging-api/4.0.1/opensaml-messaging-api-4.0.1.jar:/Users/malek/.m2/repository/org/opensaml/opensaml-profile-api/4.0.1/opensaml-profile-api-4.0.1.jar:/Users/malek/.m2/repository/org/opensaml/opensaml-security-api/4.0.1/opensaml-security-api-4.0.1.jar:/Users/malek/.m2/repository/org/cryptacular/cryptacular/1.2.4/cryptacular-1.2.4.jar:/Users/malek/.m2/repository/org/bouncycastle/bcprov-jdk15on/1.64/bcprov-jdk15on-1.64.jar:/Users/malek/.m2/repository/org/bouncycastle/bcpkix-jdk15on/1.64/bcpkix-jdk15on-1.64.jar:/Users/malek/.m2/repository/org/opensaml/opensaml-soap-api/4.0.1/opensaml-soap-api-4.0.1.jar:/Users/malek/.m2/repository/org/opensaml/opensaml-xmlsec-api/4.0.1/opensaml-xmlsec-api-4.0.1.jar:/Users/malek/.m2/repository/org/apache/santuario/xmlsec/2.1.4/xmlsec-2.1.4.jar:/Users/malek/.m2/repository/com/fasterxml/woodstox/woodstox-core/5.0.3/woodstox-core-5.0.3.jar:/Users/malek/.m2/repository/org/codehaus/woodstox/stax2-api/3.1.4/stax2-api-3.1.4.jar:/Users/malek/.m2/repository/org/glassfish/jaxb/jaxb-runtime/4.0.3/jaxb-runtime-4.0.3.jar:/Users/malek/.m2/repository/org/glassfish/jaxb/jaxb-core/4.0.3/jaxb-core-4.0.3.jar:/Users/malek/.m2/repository/org/eclipse/angus/angus-activation/2.0.1/angus-activation-2.0.1.jar:/Users/malek/.m2/repository/org/glassfish/jaxb/txw2/4.0.3/txw2-4.0.3.jar:/Users/malek/.m2/repository/com/sun/istack/istack-commons-runtime/4.1.2/istack-commons-runtime-4.1.2.jar:/Users/malek/.m2/repository/org/opensaml/opensaml-saml-impl/4.0.1/opensaml-saml-impl-4.0.1.jar:/Users/malek/.m2/repository/org/opensaml/opensaml-security-impl/4.0.1/opensaml-security-impl-4.0.1.jar:/Users/malek/.m2/repository/org/opensaml/opensaml-soap-impl/4.0.1/opensaml-soap-impl-4.0.1.jar:/Users/malek/.m2/repository/org/opensaml/opensaml-storage-api/4.0.1/opensaml-storage-api-4.0.1.jar:/Users/malek/.m2/repository/org/opensaml/opensaml-xmlsec-impl/4.0.1/opensaml-xmlsec-impl-4.0.1.jar:/Users/malek/.m2/repository/org/apache/velocity/velocity-engine-core/2.2/velocity-engine-core-2.2.jar:/Users/malek/.m2/repository/org/apache/commons/commons-lang3/3.12.0/commons-lang3-3.12.0.jar:/Users/malek/.m2/repository/org/apache/httpcomponents/httpclient/4.5.12/httpclient-4.5.12.jar:/Users/malek/.m2/repository/org/apache/httpcomponents/httpcore/4.4.16/httpcore-4.4.16.jar:/Users/malek/.m2/repository/io/micrometer/micrometer-core/1.10.5/micrometer-core-1.10.5.jar:/Users/malek/.m2/repository/org/hdrhistogram/HdrHistogram/2.1.12/HdrHistogram-2.1.12.jar:/Users/malek/.m2/repository/org/latencyutils/LatencyUtils/2.0.3/LatencyUtils-2.0.3.jar:/Users/malek/.m2/repository/io/micrometer/micrometer-commons/1.10.5/micrometer-commons-1.10.5.jar:/Users/malek/.m2/repository/io/micrometer/micrometer-observation/1.10.5/micrometer-observation-1.10.5.jar:"/>
    <property name="sun.cpu.endian" value="little"/>
    <property name="user.home" value="/Users/malek"/>
    <property name="user.language" value="fr"/>
    <property name="java.specification.vendor" value="Oracle Corporation"/>
    <property name="java.version.date" value="2022-08-12"/>
    <property name="java.home" value="/Library/Java/JavaVirtualMachines/temurin-17.jdk/Contents/Home"/>
    <property name="file.separator" value="/"/>
    <property name="style.color" value="always"/>
    <property name="basedir" value="/Users/malek/Downloads/demoMAVEN"/>
    <property name="java.vm.compressedOopsMode" value="Zero based"/>
    <property name="line.separator" value="&#10;"/>
    <property name="java.vm.specification.vendor" value="Oracle Corporation"/>
    <property name="java.specification.name" value="Java Platform API Specification"/>
    <property name="FILE_LOG_CHARSET" value="UTF-8"/>
    <property name="java.awt.headless" value="true"/>
    <property name="surefire.real.class.path" value="/Users/malek/Downloads/demoMAVEN/target/surefire/surefirebooter-20230722045635106_3.jar"/>
    <property name="org.apache.xml.security.ignoreLineBreaks" value="true"/>
    <property name="sun.management.compiler" value="HotSpot 64-Bit Tiered Compilers"/>
    <property name="ftp.nonProxyHosts" value="local|*.local|169.254/16|*.169.254/16"/>
    <property name="java.runtime.version" value="17.0.4.1+1"/>
    <property name="user.name" value="malek"/>
    <property name="path.separator" value=":"/>
    <property name="os.version" value="12.2.1"/>
    <property name="java.runtime.name" value="OpenJDK Runtime Environment"/>
    <property name="file.encoding" value="UTF-8"/>
    <property name="java.vm.name" value="OpenJDK 64-Bit Server VM"/>
    <property name="java.vendor.version" value="Temurin-17.0.4.1+1"/>
    <property name="localRepository" value="/Users/malek/.m2/repository"/>
    <property name="java.vendor.url.bug" value="https://github.com/adoptium/adoptium-support/issues"/>
    <property name="java.io.tmpdir" value="/var/folders/hh/xzvdst8s6qb6lrxv3j97jdyc0000gn/T/"/>
    <property name="java.version" value="17.0.4.1"/>
    <property name="user.dir" value="/Users/malek/Downloads/demoMAVEN"/>
    <property name="os.arch" value="aarch64"/>
    <property name="java.vm.specification.name" value="Java Virtual Machine Specification"/>
    <property name="PID" value="2906"/>
    <property name="CONSOLE_LOG_CHARSET" value="UTF-8"/>
    <property name="native.encoding" value="UTF-8"/>
    <property name="java.library.path" value="/Users/malek/Library/Java/Extensions:/Library/Java/Extensions:/Network/Library/Java/Extensions:/System/Library/Java/Extensions:/usr/lib/java:."/>
    <property name="java.vm.info" value="mixed mode"/>
    <property name="java.vendor" value="Eclipse Adoptium"/>
    <property name="java.vm.version" value="17.0.4.1+1"/>
    <property name="sun.io.unicode.encoding" value="UnicodeBig"/>
    <property name="socksNonProxyHosts" value="local|*.local|169.254/16|*.169.254/16"/>
    <property name="java.class.version" value="61.0"/>
  </properties>
  <testcase name="contextLoads" classname="com.emw.demo.DemoApplicationTests" time="0.396">
    <system-out><![CDATA[
  .   ____          _            __ _ _
 /\\ / ___'_ __ _ _(_)_ __  __ _ \ \ \ \
( ( )\___ | '_ | '_| | '_ \/ _` | \ \ \ \
 \\/  ___)| |_)| | | | | || (_| |  ) ) ) )
  '  |____| .__|_| |_|_| |_\__, | / / / /
 =========|_|==============|___/=/_/_/_/
 :: Spring Boot ::       (v3.2.0-SNAPSHOT)

2023-07-22T04:56:35.665+02:00  INFO 2906 --- [           main] com.emw.demo.DemoApplicationTests        : Starting DemoApplicationTests using Java 17.0.4.1 with PID 2906 (started by malek in /Users/malek/Downloads/demoMAVEN)
2023-07-22T04:56:35.667+02:00  INFO 2906 --- [           main] com.emw.demo.DemoApplicationTests        : No active profile set, falling back to 1 default profile: "default"
2023-07-22T04:56:36.018+02:00  INFO 2906 --- [           main] o.o.core.config.InitializationService    : Initializing OpenSAML using the Java Services API
2023-07-22T04:56:36.116+02:00  INFO 2906 --- [           main] o.o.xmlsec.algorithm.AlgorithmRegistry   : Algorithm failed runtime support check, will not be usable: http://www.w3.org/2001/04/xmlenc#ripemd160
2023-07-22T04:56:36.118+02:00  INFO 2906 --- [           main] o.o.xmlsec.algorithm.AlgorithmRegistry   : Algorithm failed runtime support check, will not be usable: http://www.w3.org/2001/04/xmldsig-more#hmac-ripemd160
2023-07-22T04:56:36.121+02:00  INFO 2906 --- [           main] o.o.xmlsec.algorithm.AlgorithmRegistry   : Algorithm failed runtime support check, will not be usable: http://www.w3.org/2001/04/xmldsig-more#rsa-ripemd160
2023-07-22T04:56:37.804+02:00  INFO 2906 --- [           main] o.s.s.web.DefaultSecurityFilterChain     : Will secure any request with [org.springframework.security.web.session.DisableEncodeUrlFilter@27a0e6ce, org.springframework.security.web.context.request.async.WebAsyncManagerIntegrationFilter@2b80497f, org.springframework.security.web.context.SecurityContextHolderFilter@6adcf059, org.springframework.security.web.header.HeaderWriterFilter@1450ffa3, org.springframework.web.filter.CorsFilter@6ef4297d, org.springframework.security.saml2.provider.service.web.authentication.logout.Saml2LogoutRequestFilter@3a1a0bc, org.springframework.security.saml2.provider.service.web.authentication.logout.Saml2LogoutResponseFilter@56f84c9b, org.springframework.security.web.csrf.CsrfFilter@1f6f0fe2, org.springframework.security.web.authentication.logout.LogoutFilter@38968752, org.springframework.security.web.authentication.logout.LogoutFilter@2d230cff, org.springframework.security.saml2.provider.service.web.Saml2WebSsoAuthenticationRequestFilter@41404aa2, org.springframework.security.saml2.provider.service.web.Saml2MetadataFilter@4c000cc4, org.springframework.security.saml2.provider.service.web.authentication.Saml2WebSsoAuthenticationFilter@799971ac, org.springframework.security.web.authentication.ui.DefaultLoginPageGeneratingFilter@1fc5c0b2, org.springframework.security.web.authentication.ui.DefaultLogoutPageGeneratingFilter@6c36051c, org.springframework.security.web.savedrequest.RequestCacheAwareFilter@1c31de5d, org.springframework.security.web.servletapi.SecurityContextHolderAwareRequestFilter@7a7f9d45, org.springframework.security.web.authentication.AnonymousAuthenticationFilter@45d46254, org.springframework.security.web.access.ExceptionTranslationFilter@53e4a19e, org.springframework.security.web.access.intercept.AuthorizationFilter@361f26b4]
2023-07-22T04:56:37.912+02:00  INFO 2906 --- [           main] com.emw.demo.DemoApplicationTests        : Started DemoApplicationTests in 2.384 seconds (process running for 2.769)
]]></system-out>
  </testcase>
</testsuite>